<?xml version="1.0" encoding="UTF-8"?>
<!-- Generated by org.testng.reporters.JUnitXMLReporter -->
<testsuite ignored="0" hostname="DESKTOP-0N88LAP" failures="0" tests="3" name="Amazon application Test" time="44.858" errors="0" timestamp="2021-01-29T22:50:23 IST">
  <testcase classname="com.qa.selenium.testscripts.TC_AmazonSeachTest_001" name="searchItem" time="6.724"/>
  <testcase classname="com.qa.selenium.testscripts.TC_AmazonSeachTest_001" name="searchItem" time="4.106"/>
  <testcase classname="com.qa.selenium.testscripts.TC_AmazonSeachTest_001" name="searchItem" time="9.138"/>
</testsuite> <!-- Amazon application Test -->
