<?xml version="1.0" encoding="UTF-8"?>
<!-- Generated by org.testng.reporters.JUnitXMLReporter -->
<testsuite hostname="DESKTOP-0N88LAP" ignored="0" name="Amazon application Test" tests="3" failures="0" timestamp="2021-01-29T23:11:19 IST" time="49.215" errors="0">
  <testcase name="searchItem" time="7.644" classname="com.qa.selenium.testscripts.TC_AmazonSeachTest_001"/>
  <testcase name="searchItem" time="5.304" classname="com.qa.selenium.testscripts.TC_AmazonSeachTest_001"/>
  <testcase name="searchItem" time="11.742" classname="com.qa.selenium.testscripts.TC_AmazonSeachTest_001"/>
</testsuite> <!-- Amazon application Test -->
