<?xml version="1.0" encoding="UTF-8"?>
<testng-results ignored="0" total="3" passed="3" failed="0" skipped="0">
  <reporter-output>
  </reporter-output>
  <suite started-at="2021-01-29T22:49:38 IST" name="Test Automation" finished-at="2021-01-29T22:50:23 IST" duration-ms="44858">
    <groups>
    </groups>
    <test started-at="2021-01-29T22:49:38 IST" name="Amazon application Test" finished-at="2021-01-29T22:50:23 IST" duration-ms="44858">
      <class name="com.qa.selenium.testscripts.TC_AmazonSeachTest_001">
        <test-method is-config="true" signature="setUp(java.lang.String)[pri:0, instance:com.qa.selenium.testscripts.TC_AmazonSeachTest_001@59d4cd39]" started-at="2021-01-29T22:49:38 IST" name="setUp" finished-at="2021-01-29T22:49:54 IST" duration-ms="16151" status="PASS">
          <params>
            <param index="0">
              <value>
                <![CDATA[chrome]]>
              </value>
            </param>
          </params>
          <reporter-output>
          </reporter-output>
        </test-method> <!-- setUp -->
        <test-method signature="searchItem(java.lang.String, java.lang.String)[pri:0, instance:com.qa.selenium.testscripts.TC_AmazonSeachTest_001@59d4cd39]" started-at="2021-01-29T22:49:59 IST" name="searchItem" data-provider="DataSource" finished-at="2021-01-29T22:50:06 IST" duration-ms="6724" status="PASS">
          <params>
            <param index="0">
              <value>
                <![CDATA[Books]]>
              </value>
            </param>
            <param index="1">
              <value>
                <![CDATA[Da vinci code]]>
              </value>
            </param>
          </params>
          <reporter-output>
          </reporter-output>
        </test-method> <!-- searchItem -->
        <test-method signature="searchItem(java.lang.String, java.lang.String)[pri:0, instance:com.qa.selenium.testscripts.TC_AmazonSeachTest_001@59d4cd39]" started-at="2021-01-29T22:50:06 IST" name="searchItem" data-provider="DataSource" finished-at="2021-01-29T22:50:11 IST" duration-ms="4106" status="PASS">
          <params>
            <param index="0">
              <value>
                <![CDATA[Furniture]]>
              </value>
            </param>
            <param index="1">
              <value>
                <![CDATA[Wooden Tables]]>
              </value>
            </param>
          </params>
          <reporter-output>
          </reporter-output>
        </test-method> <!-- searchItem -->
        <test-method signature="searchItem(java.lang.String, java.lang.String)[pri:0, instance:com.qa.selenium.testscripts.TC_AmazonSeachTest_001@59d4cd39]" started-at="2021-01-29T22:50:11 IST" name="searchItem" data-provider="DataSource" finished-at="2021-01-29T22:50:20 IST" duration-ms="9138" status="PASS">
          <params>
            <param index="0">
              <value>
                <![CDATA[Electronics]]>
              </value>
            </param>
            <param index="1">
              <value>
                <![CDATA[Mobile phones]]>
              </value>
            </param>
          </params>
          <reporter-output>
          </reporter-output>
        </test-method> <!-- searchItem -->
        <test-method is-config="true" signature="tearDown()[pri:0, instance:com.qa.selenium.testscripts.TC_AmazonSeachTest_001@59d4cd39]" started-at="2021-01-29T22:50:20 IST" name="tearDown" finished-at="2021-01-29T22:50:22 IST" duration-ms="2536" status="PASS">
          <reporter-output>
          </reporter-output>
        </test-method> <!-- tearDown -->
      </class> <!-- com.qa.selenium.testscripts.TC_AmazonSeachTest_001 -->
    </test> <!-- Amazon application Test -->
  </suite> <!-- Test Automation -->
</testng-results>
